2023-08-30 15:25:42 - INFO - Processing the batch with ID: 0
2023-08-30 15:25:51 - INFO - Batch ID: 0 | Most Upvoted Author: None | Higher Downvotes Title: None | Most Num Comments Title: None | Highest Score Title: None | Highest Comment Karma Author: None
2023-08-30 15:25:51 - INFO - Batch processing completed for ID: 0
2023-08-30 15:26:21 - INFO - Processing the batch with ID: 1
2023-08-30 15:26:29 - INFO - Batch ID: 1 | Most Upvoted Author: AutoModerator | Higher Downvotes Title: r/Football Random Discussion Thread | Most Num Comments Title: r/Football Random Discussion Thread | Highest Score Title: r/Football Random Discussion Thread | Highest Comment Karma Author: AutoModerator
2023-08-30 15:26:29 - INFO - Batch processing completed for ID: 1
2023-08-30 15:26:29 - INFO - Processing the batch with ID: 2
2023-08-30 15:26:32 - INFO - Batch ID: 2 | Most Upvoted Author: dailymail | Higher Downvotes Title: If you own a club and have to build a team (same team for next 10 years) around ONE PLAYER (any generation) who would it be? | Most Num Comments Title: 'Kissgate' Spanish football chief Luis Rubiales's mother says she is prepared to die to 'get justice for my son' as her hunger strike enter second day | Highest Score Title: 'Kissgate' Spanish football chief Luis Rubiales's mother says she is prepared to die to 'get justice for my son' as her hunger strike enter second day | Highest Comment Karma Author: benp242
2023-08-30 15:26:32 - INFO - Batch processing completed for ID: 2
2023-08-30 15:27:05 - INFO - Processing the batch with ID: 3
2023-08-30 15:27:09 - INFO - Batch ID: 3 | Most Upvoted Author: AutoModerator | Higher Downvotes Title: r/Football Random Discussion Thread | Most Num Comments Title: r/Football Random Discussion Thread | Highest Score Title: r/Football Random Discussion Thread | Highest Comment Karma Author: AutoModerator
2023-08-30 15:27:09 - INFO - Batch processing completed for ID: 3
2023-08-30 15:27:10 - INFO - Processing the batch with ID: 4
2023-08-30 15:27:13 - INFO - Batch ID: 4 | Most Upvoted Author: dailymail | Higher Downvotes Title: If you own a club and have to build a team (same team for next 10 years) around ONE PLAYER (any generation) who would it be? | Most Num Comments Title: 'Kissgate' Spanish football chief Luis Rubiales's mother says she is prepared to die to 'get justice for my son' as her hunger strike enter second day | Highest Score Title: 'Kissgate' Spanish football chief Luis Rubiales's mother says she is prepared to die to 'get justice for my son' as her hunger strike enter second day | Highest Comment Karma Author: benp242
2023-08-30 15:27:13 - INFO - Batch processing completed for ID: 4
2023-08-30 15:27:27 - INFO - Processing the batch with ID: 5
2023-08-30 15:27:33 - INFO - Batch ID: 5 | Most Upvoted Author: AutoModerator | Higher Downvotes Title: r/Football Random Discussion Thread | Most Num Comments Title: r/Football Random Discussion Thread | Highest Score Title: r/Football Random Discussion Thread | Highest Comment Karma Author: AutoModerator
2023-08-30 15:27:33 - INFO - Batch processing completed for ID: 5
2023-08-30 15:27:33 - INFO - Processing the batch with ID: 6
2023-08-30 15:27:35 - INFO - Batch ID: 6 | Most Upvoted Author: dailymail | Higher Downvotes Title: If you own a club and have to build a team (same team for next 10 years) around ONE PLAYER (any generation) who would it be? | Most Num Comments Title: 'Kissgate' Spanish football chief Luis Rubiales's mother says she is prepared to die to 'get justice for my son' as her hunger strike enter second day | Highest Score Title: 'Kissgate' Spanish football chief Luis Rubiales's mother says she is prepared to die to 'get justice for my son' as her hunger strike enter second day | Highest Comment Karma Author: benp242
2023-08-30 15:27:35 - INFO - Batch processing completed for ID: 6
2023-08-30 15:28:10 - INFO - Processing the batch with ID: 7
2023-08-30 15:28:15 - INFO - Batch ID: 7 | Most Upvoted Author: AutoModerator | Higher Downvotes Title: r/Football Random Discussion Thread | Most Num Comments Title: r/Football Random Discussion Thread | Highest Score Title: r/Football Random Discussion Thread | Highest Comment Karma Author: AutoModerator
2023-08-30 15:28:15 - INFO - Batch processing completed for ID: 7
2023-08-30 15:28:15 - INFO - Processing the batch with ID: 8
2023-08-30 15:28:18 - INFO - Batch ID: 8 | Most Upvoted Author: dailymail | Higher Downvotes Title: If you own a club and have to build a team (same team for next 10 years) around ONE PLAYER (any generation) who would it be? | Most Num Comments Title: 'Kissgate' Spanish football chief Luis Rubiales's mother says she is prepared to die to 'get justice for my son' as her hunger strike enter second day | Highest Score Title: 'Kissgate' Spanish football chief Luis Rubiales's mother says she is prepared to die to 'get justice for my son' as her hunger strike enter second day | Highest Comment Karma Author: benp242
2023-08-30 15:28:18 - INFO - Batch processing completed for ID: 8
